TN:
SF:src\App.tsx
FN:28,(anonymous_0)
FN:35,(anonymous_1)
FN:59,(anonymous_2)
FNF:3
FNH:3
FNDA:5,(anonymous_0)
FNDA:7,(anonymous_1)
FNDA:19,(anonymous_2)
DA:11,1
DA:21,5
DA:30,5
DA:32,5
DA:35,7
DA:36,7
DA:38,7
DA:39,0
DA:42,7
DA:43,7
DA:45,7
DA:46,7
DA:48,6
DA:50,1
DA:55,7
DA:60,19
DA:62,19
LF:17
LH:16
BRDA:30,0,0,5
BRDA:30,0,1,3
BRDA:35,1,0,7
BRDA:38,2,0,0
BRDA:38,2,1,7
BRF:5
BRH:4
end_of_record
TN:
SF:src\components\ErrorBoundary.tsx
FN:16,(anonymous_0)
FN:20,(anonymous_1)
FN:24,(anonymous_2)
FN:28,(anonymous_3)
FNF:4
FNH:4
FNDA:9,(anonymous_0)
FNDA:3,(anonymous_1)
FNDA:1,(anonymous_2)
FNDA:31,(anonymous_3)
DA:12,9
DA:17,6
DA:21,3
DA:24,1
DA:25,1
DA:29,31
DA:30,6
DA:41,25
LF:8
LH:8
BRDA:29,0,0,6
BRDA:29,0,1,25
BRF:2
BRH:2
end_of_record
TN:
SF:src\components\ErrorTestButton.tsx
FN:15,(anonymous_0)
FN:19,(anonymous_1)
FNF:2
FNH:2
FNDA:1,(anonymous_0)
FNDA:22,(anonymous_1)
DA:11,6
DA:15,1
DA:16,1
DA:20,22
DA:21,2
DA:24,20
LF:6
LH:6
BRDA:20,0,0,2
BRDA:20,0,1,20
BRF:2
BRH:2
end_of_record
TN:
SF:src\components\Footer.tsx
FN:4,(anonymous_0)
FNF:1
FNH:1
FNDA:20,(anonymous_0)
DA:5,20
LF:1
LH:1
BRF:0
BRH:0
end_of_record
TN:
SF:src\components\Header.tsx
FN:4,(anonymous_0)
FNF:1
FNH:1
FNDA:20,(anonymous_0)
DA:5,20
LF:1
LH:1
BRF:0
BRH:0
end_of_record
TN:
SF:src\components\ResultsSection.tsx
FN:12,(anonymous_0)
FN:34,(anonymous_1)
FNF:2
FNH:2
FNDA:23,(anonymous_0)
FNDA:4,(anonymous_1)
DA:13,23
DA:15,23
DA:35,4
LF:3
LH:3
BRDA:22,0,0,23
BRDA:22,0,1,8
BRDA:28,1,0,23
BRDA:28,1,1,2
BRDA:29,2,0,23
BRDA:29,2,1,15
BRDA:29,2,2,13
BRDA:29,2,3,11
BRDA:37,3,0,4
BRDA:37,3,1,2
BRF:10
BRH:10
end_of_record
TN:
SF:src\components\SearchSection.tsx
FN:18,(anonymous_0)
FN:25,(anonymous_1)
FN:29,(anonymous_2)
FN:37,(anonymous_3)
FNF:4
FNH:4
FNDA:8,(anonymous_0)
FNDA:28,(anonymous_1)
FNDA:4,(anonymous_2)
FNDA:55,(anonymous_3)
DA:3,2
DA:14,8
DA:20,8
DA:22,8
DA:25,28
DA:26,28
DA:29,4
DA:30,4
DA:31,4
DA:33,4
DA:34,4
DA:38,55
DA:40,55
LF:13
LH:13
BRDA:20,0,0,8
BRDA:20,0,1,5
BRF:2
BRH:2
end_of_record
TN:
SF:src\services\api.ts
FN:38,(anonymous_0)
FN:42,(anonymous_1)
FN:61,(anonymous_2)
FN:69,(anonymous_3)
FN:75,(anonymous_4)
FN:88,(anonymous_5)
FN:96,(anonymous_6)
FN:105,(anonymous_7)
FN:109,(anonymous_8)
FNF:9
FNH:9
FNDA:2,(anonymous_0)
FNDA:5,(anonymous_1)
FNDA:8,(anonymous_2)
FNDA:6,(anonymous_3)
FNDA:6,(anonymous_4)
FNDA:4,(anonymous_5)
FNDA:2,(anonymous_6)
FNDA:3,(anonymous_7)
FNDA:3,(anonymous_8)
DA:32,2
DA:33,2
DA:39,2
DA:43,5
DA:44,5
DA:49,5
DA:50,2
DA:53,5
DA:55,5
DA:56,1
DA:59,4
DA:60,4
DA:62,8
DA:68,4
DA:69,6
DA:72,2
DA:76,6
DA:78,6
DA:79,1
DA:82,4
DA:83,4
DA:85,3
DA:89,4
DA:91,4
DA:92,1
DA:95,3
DA:96,3
DA:97,2
DA:100,3
DA:106,3
DA:113,3
DA:122,2
LF:32
LH:32
BRDA:42,0,0,5
BRDA:45,1,0,2
BRDA:45,1,1,3
BRDA:49,2,0,2
BRDA:49,2,1,3
BRDA:55,3,0,1
BRDA:55,3,1,4
BRDA:62,4,0,4
BRDA:62,4,1,4
BRDA:78,5,0,1
BRDA:78,5,1,5
BRDA:91,6,0,1
BRDA:91,6,1,3
BRDA:101,7,0,3
BRDA:101,7,1,1
BRDA:117,8,0,3
BRDA:117,8,1,1
BRF:17
BRH:17
end_of_record
