<?xml version="1.0" encoding="UTF-8"?>
<coverage generated="1780735289210" clover="3.2.0">
  <project timestamp="1780735289210" name="All files">
    <metrics statements="190" coveredstatements="178" conditionals="84" coveredconditionals="68" methods="82" coveredmethods="79" elements="356" coveredelements="325" complexity="0" loc="190" ncloc="190" packages="11" files="29" classes="29"/>
    <package name="src">
      <metrics statements="17" coveredstatements="15" conditionals="6" coveredconditionals="5" methods="6" coveredmethods="5"/>
      <file name="App.css" path="D:\components\class-components\src\App.css">
        <metrics statements="0" coveredstatements="0" conditionals="0" coveredconditionals="0" methods="0" coveredmethods="0"/>
      </file>
      <file name="App.tsx" path="D:\components\class-components\src\App.tsx">
        <metrics statements="17" coveredstatements="15" conditionals="6" coveredconditionals="5" methods="6" coveredmethods="5"/>
        <line num="17" count="1" type="stmt"/>
        <line num="21" count="1" type="stmt"/>
        <line num="24" count="25" type="stmt"/>
        <line num="25" count="25" type="stmt"/>
        <line num="26" count="25" type="stmt"/>
        <line num="27" count="25" type="stmt"/>
        <line num="29" count="25" type="stmt"/>
        <line num="30" count="2" type="cond" truecount="1" falsecount="1"/>
        <line num="31" count="0" type="stmt"/>
        <line num="34" count="2" type="stmt"/>
        <line num="35" count="2" type="stmt"/>
        <line num="36" count="2" type="stmt"/>
        <line num="37" count="0" type="stmt"/>
        <line num="41" count="25" type="stmt"/>
        <line num="46" count="3" type="stmt"/>
        <line num="49" count="7" type="stmt"/>
        <line num="58" count="2" type="stmt"/>
      </file>
    </package>
    <package name="src.components.FieldError">
      <metrics statements="1" coveredstatements="1" conditionals="2" coveredconditionals="2" methods="1" coveredmethods="1"/>
      <file name="FieldError.css" path="D:\components\class-components\src\components\FieldError\FieldError.css">
        <metrics statements="0" coveredstatements="0" conditionals="0" coveredconditionals="0" methods="0" coveredmethods="0"/>
      </file>
      <file name="FieldError.tsx" path="D:\components\class-components\src\components\FieldError\FieldError.tsx">
        <metrics statements="1" coveredstatements="1" conditionals="2" coveredconditionals="2" methods="1" coveredmethods="1"/>
        <line num="8" count="395" type="stmt"/>
      </file>
    </package>
    <package name="src.components.FormActions">
      <metrics statements="1" coveredstatements="1" conditionals="0" coveredconditionals="0" methods="1" coveredmethods="1"/>
      <file name="FormActions.css" path="D:\components\class-components\src\components\FormActions\FormActions.css">
        <metrics statements="0" coveredstatements="0" conditionals="0" coveredconditionals="0" methods="0" coveredmethods="0"/>
      </file>
      <file name="FormActions.tsx" path="D:\components\class-components\src\components\FormActions\FormActions.tsx">
        <metrics statements="1" coveredstatements="1" conditionals="0" coveredconditionals="0" methods="1" coveredmethods="1"/>
        <line num="12" count="25" type="stmt"/>
      </file>
    </package>
    <package name="src.components.HookForm">
      <metrics statements="25" coveredstatements="22" conditionals="4" coveredconditionals="1" methods="12" coveredmethods="11"/>
      <file name="HookAdvancedFields.tsx" path="D:\components\class-components\src\components\HookForm\HookAdvancedFields.tsx">
        <metrics statements="15" coveredstatements="12" conditionals="4" coveredconditionals="1" methods="5" coveredmethods="4"/>
        <line num="15" count="35" type="stmt"/>
        <line num="16" count="35" type="stmt"/>
        <line num="17" count="35" type="stmt"/>
        <line num="18" count="35" type="stmt"/>
        <line num="19" count="1" type="stmt"/>
        <line num="21" count="1" type="cond" truecount="1" falsecount="1"/>
        <line num="22" count="0" type="stmt"/>
        <line num="25" count="1" type="stmt"/>
        <line num="27" count="1" type="stmt"/>
        <line num="32" count="0" type="stmt"/>
        <line num="35" count="0" type="stmt"/>
        <line num="42" count="35" type="stmt"/>
        <line num="43" count="10" type="stmt"/>
        <line num="44" count="10" type="stmt"/>
        <line num="49" count="35" type="stmt"/>
      </file>
      <file name="HookCountryField.tsx" path="D:\components\class-components\src\components\HookForm\HookCountryField.tsx">
        <metrics statements="2" coveredstatements="2" conditionals="0" coveredconditionals="0" methods="2" coveredmethods="2"/>
        <line num="11" count="35" type="stmt"/>
        <line num="22" count="175" type="stmt"/>
      </file>
      <file name="HookForm.css" path="D:\components\class-components\src\components\HookForm\HookForm.css">
        <metrics statements="0" coveredstatements="0" conditionals="0" coveredconditionals="0" methods="0" coveredmethods="0"/>
      </file>
      <file name="HookForm.tsx" path="D:\components\class-components\src\components\HookForm\HookForm.tsx">
        <metrics statements="7" coveredstatements="7" conditionals="0" coveredconditionals="0" methods="4" coveredmethods="4"/>
        <line num="15" count="29" type="stmt"/>
        <line num="16" count="25" type="stmt"/>
        <line num="21" count="25" type="stmt"/>
        <line num="22" count="1" type="stmt"/>
        <line num="23" count="1" type="stmt"/>
        <line num="26" count="25" type="stmt"/>
        <line num="31" count="1" type="stmt"/>
      </file>
      <file name="HookTermsSubmit.tsx" path="D:\components\class-components\src\components\HookForm\HookTermsSubmit.tsx">
        <metrics statements="1" coveredstatements="1" conditionals="0" coveredconditionals="0" methods="1" coveredmethods="1"/>
        <line num="10" count="25" type="stmt"/>
      </file>
    </package>
    <package name="src.components.Modal">
      <metrics statements="27" coveredstatements="26" conditionals="18" coveredconditionals="16" methods="6" coveredmethods="6"/>
      <file name="Modal.css" path="D:\components\class-components\src\components\Modal\Modal.css">
        <metrics statements="0" coveredstatements="0" conditionals="0" coveredconditionals="0" methods="0" coveredmethods="0"/>
      </file>
      <file name="Modal.tsx" path="D:\components\class-components\src\components\Modal\Modal.tsx">
        <metrics statements="27" coveredstatements="26" conditionals="18" coveredconditionals="16" methods="6" coveredmethods="6"/>
        <line num="12" count="14" type="stmt"/>
        <line num="13" count="14" type="stmt"/>
        <line num="14" count="14" type="stmt"/>
        <line num="15" count="14" type="stmt"/>
        <line num="17" count="14" type="stmt"/>
        <line num="18" count="14" type="stmt"/>
        <line num="20" count="14" type="cond" truecount="1" falsecount="1"/>
        <line num="21" count="0" type="stmt"/>
        <line num="24" count="14" type="stmt"/>
        <line num="29" count="14" type="cond" truecount="2" falsecount="0"/>
        <line num="30" count="1" type="stmt"/>
        <line num="32" count="13" type="stmt"/>
        <line num="36" count="14" type="cond" truecount="2" falsecount="0"/>
        <line num="39" count="14" type="stmt"/>
        <line num="41" count="14" type="stmt"/>
        <line num="42" count="14" type="cond" truecount="4" falsecount="0"/>
        <line num="43" count="1" type="stmt"/>
        <line num="46" count="14" type="cond" truecount="2" falsecount="0"/>
        <line num="47" count="13" type="stmt"/>
        <line num="50" count="14" type="stmt"/>
        <line num="54" count="14" type="stmt"/>
        <line num="61" count="28" type="cond" truecount="2" falsecount="0"/>
        <line num="62" count="2" type="stmt"/>
        <line num="66" count="1" type="stmt"/>
        <line num="67" count="1" type="stmt"/>
        <line num="70" count="141" type="cond" truecount="2" falsecount="0"/>
        <line num="71" count="2" type="stmt"/>
      </file>
    </package>
    <package name="src.components.PasswordStrength">
      <metrics statements="2" coveredstatements="2" conditionals="2" coveredconditionals="2" methods="2" coveredmethods="2"/>
      <file name="PasswordStrength.css" path="D:\components\class-components\src\components\PasswordStrength\PasswordStrength.css">
        <metrics statements="0" coveredstatements="0" conditionals="0" coveredconditionals="0" methods="0" coveredmethods="0"/>
      </file>
      <file name="PasswordStrength.tsx" path="D:\components\class-components\src\components\PasswordStrength\PasswordStrength.tsx">
        <metrics statements="2" coveredstatements="2" conditionals="2" coveredconditionals="2" methods="2" coveredmethods="2"/>
        <line num="9" count="55" type="stmt"/>
        <line num="12" count="220" type="stmt"/>
      </file>
    </package>
    <package name="src.components.Submissions">
      <metrics statements="5" coveredstatements="5" conditionals="6" coveredconditionals="6" methods="4" coveredmethods="4"/>
      <file name="Submissions.css" path="D:\components\class-components\src\components\Submissions\Submissions.css">
        <metrics statements="0" coveredstatements="0" conditionals="0" coveredconditionals="0" methods="0" coveredmethods="0"/>
      </file>
      <file name="Submissions.tsx" path="D:\components\class-components\src\components\Submissions\Submissions.tsx">
        <metrics statements="5" coveredstatements="5" conditionals="6" coveredconditionals="6" methods="4" coveredmethods="4"/>
        <line num="5" count="40" type="stmt"/>
        <line num="6" count="26" type="stmt"/>
        <line num="7" count="40" type="stmt"/>
        <line num="10" count="26" type="stmt"/>
        <line num="16" count="3" type="stmt"/>
      </file>
    </package>
    <package name="src.components.UncontrolledForm">
      <metrics statements="48" coveredstatements="44" conditionals="14" coveredconditionals="9" methods="21" coveredmethods="21"/>
      <file name="UncontrolledAdvancedFields.tsx" path="D:\components\class-components\src\components\UncontrolledForm\UncontrolledAdvancedFields.tsx">
        <metrics statements="14" coveredstatements="12" conditionals="4" coveredconditionals="2" methods="5" coveredmethods="5"/>
        <line num="21" count="20" type="stmt"/>
        <line num="22" count="20" type="stmt"/>
        <line num="23" count="20" type="stmt"/>
        <line num="24" count="20" type="stmt"/>
        <line num="25" count="2" type="stmt"/>
        <line num="27" count="2" type="cond" truecount="1" falsecount="1"/>
        <line num="28" count="0" type="stmt"/>
        <line num="29" count="0" type="stmt"/>
        <line num="32" count="2" type="stmt"/>
        <line num="34" count="1" type="stmt"/>
        <line num="37" count="1" type="stmt"/>
        <line num="42" count="20" type="stmt"/>
        <line num="43" count="10" type="stmt"/>
        <line num="46" count="20" type="stmt"/>
      </file>
      <file name="UncontrolledBasicFields.tsx" path="D:\components\class-components\src\components\UncontrolledForm\UncontrolledBasicFields.tsx">
        <metrics statements="1" coveredstatements="1" conditionals="0" coveredconditionals="0" methods="1" coveredmethods="1"/>
        <line num="11" count="10" type="stmt"/>
      </file>
      <file name="UncontrolledCountryField.tsx" path="D:\components\class-components\src\components\UncontrolledForm\UncontrolledCountryField.tsx">
        <metrics statements="2" coveredstatements="2" conditionals="0" coveredconditionals="0" methods="2" coveredmethods="2"/>
        <line num="12" count="20" type="stmt"/>
        <line num="23" count="100" type="stmt"/>
      </file>
      <file name="UncontrolledForm.css" path="D:\components\class-components\src\components\UncontrolledForm\UncontrolledForm.css">
        <metrics statements="0" coveredstatements="0" conditionals="0" coveredconditionals="0" methods="0" coveredmethods="0"/>
      </file>
      <file name="UncontrolledForm.tsx" path="D:\components\class-components\src\components\UncontrolledForm\UncontrolledForm.tsx">
        <metrics statements="31" coveredstatements="29" conditionals="10" coveredconditionals="7" methods="13" coveredmethods="13"/>
        <line num="19" count="21" type="stmt"/>
        <line num="21" count="21" type="cond" truecount="1" falsecount="1"/>
        <line num="25" count="3" type="stmt"/>
        <line num="43" count="3" type="stmt"/>
        <line num="52" count="2" type="stmt"/>
        <line num="53" count="23" type="stmt"/>
        <line num="61" count="18" type="stmt"/>
        <line num="62" count="10" type="stmt"/>
        <line num="63" count="10" type="stmt"/>
        <line num="64" count="10" type="stmt"/>
        <line num="65" count="10" type="stmt"/>
        <line num="66" count="10" type="stmt"/>
        <line num="68" count="10" type="stmt"/>
        <line num="73" count="3" type="stmt"/>
        <line num="74" count="3" type="stmt"/>
        <line num="76" count="3" type="stmt"/>
        <line num="82" count="1" type="cond" truecount="1" falsecount="1"/>
        <line num="83" count="0" type="stmt"/>
        <line num="84" count="0" type="stmt"/>
        <line num="87" count="1" type="stmt"/>
        <line num="88" count="1" type="stmt"/>
        <line num="89" count="1" type="stmt"/>
        <line num="90" count="1" type="stmt"/>
        <line num="91" count="1" type="stmt"/>
        <line num="95" count="3" type="cond" truecount="2" falsecount="0"/>
        <line num="99" count="3" type="stmt"/>
        <line num="112" count="1" type="stmt"/>
        <line num="113" count="1" type="stmt"/>
        <line num="116" count="1" type="stmt"/>
        <line num="117" count="1" type="stmt"/>
        <line num="118" count="1" type="stmt"/>
      </file>
    </package>
    <package name="src.store">
      <metrics statements="11" coveredstatements="11" conditionals="0" coveredconditionals="0" methods="3" coveredmethods="3"/>
      <file name="countriesSlice.ts" path="D:\components\class-components\src\store\countriesSlice.ts">
        <metrics statements="2" coveredstatements="2" conditionals="0" coveredconditionals="0" methods="0" coveredmethods="0"/>
        <line num="7" count="3" type="stmt"/>
        <line num="11" count="3" type="stmt"/>
      </file>
      <file name="hooks.ts" path="D:\components\class-components\src\store\hooks.ts">
        <metrics statements="2" coveredstatements="2" conditionals="0" coveredconditionals="0" methods="1" coveredmethods="1"/>
        <line num="8" count="25" type="stmt"/>
        <line num="9" count="2" type="stmt"/>
      </file>
      <file name="submissionsSlice.ts" path="D:\components\class-components\src\store\submissionsSlice.ts">
        <metrics statements="7" coveredstatements="7" conditionals="0" coveredconditionals="0" methods="2" coveredmethods="2"/>
        <line num="16" count="3" type="stmt"/>
        <line num="21" count="3" type="stmt"/>
        <line num="29" count="4" type="stmt"/>
        <line num="31" count="4" type="stmt"/>
        <line num="35" count="4" type="stmt"/>
        <line num="38" count="1" type="stmt"/>
        <line num="44" count="3" type="stmt"/>
      </file>
    </package>
    <package name="src.utils">
      <metrics statements="23" coveredstatements="22" conditionals="8" coveredconditionals="7" methods="12" coveredmethods="11"/>
      <file name="imageFile.ts" path="D:\components\class-components\src\utils\imageFile.ts">
        <metrics statements="17" coveredstatements="16" conditionals="8" coveredconditionals="7" methods="6" coveredmethods="5"/>
        <line num="1" count="2" type="stmt"/>
        <line num="2" count="2" type="stmt"/>
        <line num="3" count="2" type="stmt"/>
        <line num="6" count="5" type="stmt"/>
        <line num="8" count="5" type="stmt"/>
        <line num="9" count="5" type="stmt"/>
        <line num="14" count="7" type="cond" truecount="2" falsecount="0"/>
        <line num="18" count="2" type="stmt"/>
        <line num="21" count="5" type="cond" truecount="2" falsecount="0"/>
        <line num="22" count="2" type="stmt"/>
        <line num="25" count="3" type="stmt"/>
        <line num="26" count="3" type="stmt"/>
        <line num="28" count="3" type="stmt"/>
        <line num="29" count="3" type="cond" truecount="1" falsecount="1"/>
        <line num="31" count="3" type="stmt"/>
        <line num="32" count="0" type="stmt"/>
        <line num="34" count="3" type="stmt"/>
      </file>
      <file name="passwordStrength.ts" path="D:\components\class-components\src\utils\passwordStrength.ts">
        <metrics statements="6" coveredstatements="6" conditionals="0" coveredconditionals="0" methods="6" coveredmethods="6"/>
        <line num="6" count="2" type="stmt"/>
        <line num="9" count="57" type="stmt"/>
        <line num="13" count="57" type="stmt"/>
        <line num="17" count="57" type="stmt"/>
        <line num="21" count="57" type="stmt"/>
        <line num="28" count="228" type="stmt"/>
      </file>
    </package>
    <package name="src.validation">
      <metrics statements="30" coveredstatements="29" conditionals="24" coveredconditionals="20" methods="14" coveredmethods="14"/>
      <file name="formSchema.ts" path="D:\components\class-components\src\validation\formSchema.ts">
        <metrics statements="20" coveredstatements="20" conditionals="16" coveredconditionals="16" methods="9" coveredmethods="9"/>
        <line num="17" count="3" type="stmt"/>
        <line num="21" count="84" type="stmt"/>
        <line num="23" count="84" type="cond" truecount="2" falsecount="0"/>
        <line num="25" count="3" type="stmt"/>
        <line num="28" count="84" type="cond" truecount="2" falsecount="0"/>
        <line num="29" count="31" type="stmt"/>
        <line num="32" count="53" type="stmt"/>
        <line num="33" count="53" type="stmt"/>
        <line num="34" count="53" type="stmt"/>
        <line num="36" count="53" type="stmt"/>
        <line num="47" count="84" type="stmt"/>
        <line num="55" count="84" type="cond" truecount="4" falsecount="0"/>
        <line num="56" count="4" type="stmt"/>
        <line num="59" count="80" type="stmt"/>
        <line num="65" count="420" type="stmt"/>
        <line num="69" count="84" type="stmt"/>
        <line num="70" count="406" type="stmt"/>
        <line num="73" count="84" type="stmt"/>
        <line num="78" count="84" type="cond" truecount="2" falsecount="0"/>
        <line num="85" count="84" type="stmt"/>
      </file>
      <file name="yupResolver.ts" path="D:\components\class-components\src\validation\yupResolver.ts">
        <metrics statements="10" coveredstatements="9" conditionals="8" coveredconditionals="4" methods="5" coveredmethods="5"/>
        <line num="6" count="544" type="cond" truecount="1" falsecount="1"/>
        <line num="10" count="27" type="stmt"/>
        <line num="11" count="79" type="stmt"/>
        <line num="12" count="79" type="stmt"/>
        <line num="19" count="3" type="stmt"/>
        <line num="24" count="76" type="cond" truecount="1" falsecount="1"/>
        <line num="25" count="0" type="stmt"/>
        <line num="28" count="76" type="stmt"/>
        <line num="30" count="544" type="stmt"/>
        <line num="45" count="27" type="stmt"/>
      </file>
    </package>
  </project>
</coverage>
