{"D:\\components\\class-components\\src\\App.css": {"path":"D:\\components\\class-components\\src\\App.css","statementMap":{},"fnMap":{},"branchMap":{},"s":{},"f":{},"b":{},"meta":{"lastBranch":0,"lastFunction":0,"lastStatement":0,"seen":{}}}
,"D:\\components\\class-components\\src\\App.tsx": {"path":"D:\\components\\class-components\\src\\App.tsx","statementMap":{"0":{"start":{"line":17,"column":45},"end":{"line":20,"column":null}},"1":{"start":{"line":21,"column":28},"end":{"line":21,"column":null}},"2":{"start":{"line":24,"column":8},"end":{"line":24,"column":35}},"3":{"start":{"line":25,"column":8},"end":{"line":25,"column":57}},"4":{"start":{"line":26,"column":21},"end":{"line":26,"column":null}},"5":{"start":{"line":27,"column":24},"end":{"line":27,"column":null}},"6":{"start":{"line":29,"column":8},"end":{"line":38,"column":null}},"7":{"start":{"line":30,"column":4},"end":{"line":31,"column":null}},"8":{"start":{"line":31,"column":6},"end":{"line":31,"column":null}},"9":{"start":{"line":34,"column":4},"end":{"line":34,"column":null}},"10":{"start":{"line":35,"column":4},"end":{"line":35,"column":null}},"11":{"start":{"line":36,"column":4},"end":{"line":38,"column":null}},"12":{"start":{"line":37,"column":6},"end":{"line":37,"column":null}},"13":{"start":{"line":41,"column":2},"end":{"line":67,"column":null}},"14":{"start":{"line":46,"column":10},"end":{"line":46,"column":null}},"15":{"start":{"line":49,"column":10},"end":{"line":49,"column":null}},"16":{"start":{"line":58,"column":12},"end":{"line":58,"column":null}}},"fnMap":{"0":{"name":"App","decl":{"start":{"line":23,"column":9},"end":{"line":23,"column":15}},"loc":{"start":{"line":23,"column":15},"end":{"line":67,"column":null}},"line":23},"1":{"name":"(anonymous_1)","decl":{"start":{"line":29,"column":8},"end":{"line":29,"column":24}},"loc":{"start":{"line":29,"column":47},"end":{"line":38,"column":null}},"line":29},"2":{"name":"(anonymous_2)","decl":{"start":{"line":36,"column":15},"end":{"line":36,"column":32}},"loc":{"start":{"line":36,"column":32},"end":{"line":38,"column":27}},"line":36},"3":{"name":"(anonymous_3)","decl":{"start":{"line":45,"column":8},"end":{"line":45,"column":30}},"loc":{"start":{"line":45,"column":30},"end":{"line":46,"column":null}},"line":45},"4":{"name":"(anonymous_4)","decl":{"start":{"line":48,"column":8},"end":{"line":48,"column":38}},"loc":{"start":{"line":48,"column":38},"end":{"line":49,"column":null}},"line":48},"5":{"name":"(anonymous_5)","decl":{"start":{"line":57,"column":10},"end":{"line":57,"column":25}},"loc":{"start":{"line":57,"column":25},"end":{"line":58,"column":null}},"line":57}},"branchMap":{"0":{"loc":{"start":{"line":30,"column":4},"end":{"line":31,"column":null}},"type":"if","locations":[{"start":{"line":30,"column":4},"end":{"line":31,"column":null}},{"start":{},"end":{}}],"line":30},"1":{"loc":{"start":{"line":54,"column":7},"end":{"line":67,"column":null}},"type":"cond-expr","locations":[{"start":{"line":55,"column":8},"end":{"line":67,"column":null}},{"start":{"line":67,"column":10},"end":{"line":67,"column":null}}],"line":54},"2":{"loc":{"start":{"line":61,"column":11},"end":{"line":64,"column":null}},"type":"cond-expr","locations":[{"start":{"line":62,"column":12},"end":{"line":64,"column":13}},{"start":{"line":64,"column":12},"end":{"line":64,"column":null}}],"line":61}},"s":{"0":1,"1":1,"2":25,"3":25,"4":25,"5":25,"6":25,"7":2,"8":0,"9":2,"10":2,"11":2,"12":0,"13":25,"14":3,"15":7,"16":2},"f":{"0":25,"1":2,"2":0,"3":3,"4":7,"5":2},"b":{"0":[0,2],"1":[10,15],"2":[7,3]},"meta":{"lastBranch":3,"lastFunction":6,"lastStatement":17,"seen":{"s:17:45:20:Infinity":0,"s:21:28:21:Infinity":1,"f:23:9:23:15":0,"s:24:8:24:35":2,"s:25:8:25:57":3,"s:26:21:26:Infinity":4,"s:27:24:27:Infinity":5,"s:29:8:38:Infinity":6,"f:29:8:29:24":1,"b:30:4:31:Infinity:undefined:undefined:undefined:undefined":0,"s:30:4:31:Infinity":7,"s:31:6:31:Infinity":8,"s:34:4:34:Infinity":9,"s:35:4:35:Infinity":10,"s:36:4:38:Infinity":11,"f:36:15:36:32":2,"s:37:6:37:Infinity":12,"s:41:2:67:Infinity":13,"f:45:8:45:30":3,"s:46:10:46:Infinity":14,"f:48:8:48:38":4,"s:49:10:49:Infinity":15,"b:55:8:67:Infinity:67:10:67:Infinity":1,"f:57:10:57:25":5,"s:58:12:58:Infinity":16,"b:62:12:64:13:64:12:64:Infinity":2}}}
,"D:\\components\\class-components\\src\\components\\FieldError\\FieldError.css": {"path":"D:\\components\\class-components\\src\\components\\FieldError\\FieldError.css","statementMap":{},"fnMap":{},"branchMap":{},"s":{},"f":{},"b":{},"meta":{"lastBranch":0,"lastFunction":0,"lastStatement":0,"seen":{}}}
,"D:\\components\\class-components\\src\\components\\FieldError\\FieldError.tsx": {"path":"D:\\components\\class-components\\src\\components\\FieldError\\FieldError.tsx","statementMap":{"0":{"start":{"line":8,"column":2},"end":{"line":11,"column":null}}},"fnMap":{"0":{"name":"FieldError","decl":{"start":{"line":7,"column":9},"end":{"line":7,"column":20}},"loc":{"start":{"line":7,"column":55},"end":{"line":11,"column":null}},"line":7}},"branchMap":{"0":{"loc":{"start":{"line":10,"column":7},"end":{"line":10,"column":null}},"type":"binary-expr","locations":[{"start":{"line":10,"column":7},"end":{"line":10,"column":18}},{"start":{"line":10,"column":18},"end":{"line":10,"column":null}}],"line":10}},"s":{"0":395},"f":{"0":395},"b":{"0":[395,373]},"meta":{"lastBranch":1,"lastFunction":1,"lastStatement":1,"seen":{"f:7:9:7:20":0,"s:8:2:11:Infinity":0,"b:10:7:10:18:10:18:10:Infinity":0}}}
,"D:\\components\\class-components\\src\\components\\FormActions\\FormActions.css": {"path":"D:\\components\\class-components\\src\\components\\FormActions\\FormActions.css","statementMap":{},"fnMap":{},"branchMap":{},"s":{},"f":{},"b":{},"meta":{"lastBranch":0,"lastFunction":0,"lastStatement":0,"seen":{}}}
,"D:\\components\\class-components\\src\\components\\FormActions\\FormActions.tsx": {"path":"D:\\components\\class-components\\src\\components\\FormActions\\FormActions.tsx","statementMap":{"0":{"start":{"line":12,"column":2},"end":{"line":27,"column":null}}},"fnMap":{"0":{"name":"FormActions","decl":{"start":{"line":8,"column":9},"end":{"line":8,"column":21}},"loc":{"start":{"line":11,"column":26},"end":{"line":27,"column":null}},"line":11}},"branchMap":{},"s":{"0":25},"f":{"0":25},"b":{},"meta":{"lastBranch":0,"lastFunction":1,"lastStatement":1,"seen":{"f:8:9:8:21":0,"s:12:2:27:Infinity":0}}}
,"D:\\components\\class-components\\src\\components\\HookForm\\HookAdvancedFields.tsx": {"path":"D:\\components\\class-components\\src\\components\\HookForm\\HookAdvancedFields.tsx","statementMap":{"0":{"start":{"line":15,"column":8},"end":{"line":15,"column":36}},"1":{"start":{"line":16,"column":19},"end":{"line":16,"column":null}},"2":{"start":{"line":17,"column":22},"end":{"line":17,"column":null}},"3":{"start":{"line":18,"column":8},"end":{"line":40,"column":null}},"4":{"start":{"line":19,"column":19},"end":{"line":19,"column":53}},"5":{"start":{"line":21,"column":4},"end":{"line":22,"column":null}},"6":{"start":{"line":22,"column":6},"end":{"line":22,"column":null}},"7":{"start":{"line":25,"column":4},"end":{"line":40,"column":null}},"8":{"start":{"line":27,"column":8},"end":{"line":29,"column":null}},"9":{"start":{"line":32,"column":8},"end":{"line":34,"column":null}},"10":{"start":{"line":35,"column":8},"end":{"line":39,"column":null}},"11":{"start":{"line":42,"column":8},"end":{"line":46,"column":null}},"12":{"start":{"line":43,"column":4},"end":{"line":43,"column":null}},"13":{"start":{"line":44,"column":4},"end":{"line":46,"column":null}},"14":{"start":{"line":49,"column":2},"end":{"line":88,"column":null}}},"fnMap":{"0":{"name":"HookAdvancedFields","decl":{"start":{"line":14,"column":9},"end":{"line":14,"column":28}},"loc":{"start":{"line":14,"column":79},"end":{"line":88,"column":null}},"line":14},"1":{"name":"(anonymous_1)","decl":{"start":{"line":18,"column":8},"end":{"line":18,"column":30}},"loc":{"start":{"line":18,"column":71},"end":{"line":40,"column":null}},"line":18},"2":{"name":"(anonymous_2)","decl":{"start":{"line":26,"column":7},"end":{"line":26,"column":13}},"loc":{"start":{"line":26,"column":30},"end":{"line":30,"column":null}},"line":26},"3":{"name":"(anonymous_3)","decl":{"start":{"line":31,"column":7},"end":{"line":31,"column":14}},"loc":{"start":{"line":31,"column":33},"end":{"line":40,"column":null}},"line":31},"4":{"name":"(anonymous_4)","decl":{"start":{"line":42,"column":8},"end":{"line":42,"column":32}},"loc":{"start":{"line":42,"column":73},"end":{"line":46,"column":null}},"line":42}},"branchMap":{"0":{"loc":{"start":{"line":21,"column":4},"end":{"line":22,"column":null}},"type":"if","locations":[{"start":{"line":21,"column":4},"end":{"line":22,"column":null}},{"start":{},"end":{}}],"line":21},"1":{"loc":{"start":{"line":37,"column":12},"end":{"line":37,"column":null}},"type":"cond-expr","locations":[{"start":{"line":37,"column":37},"end":{"line":37,"column":53}},{"start":{"line":37,"column":53},"end":{"line":37,"column":null}}],"line":37}},"s":{"0":35,"1":35,"2":35,"3":35,"4":1,"5":1,"6":0,"7":1,"8":1,"9":0,"10":0,"11":35,"12":10,"13":10,"14":35},"f":{"0":35,"1":1,"2":1,"3":0,"4":10},"b":{"0":[0,1],"1":[0,0]},"meta":{"lastBranch":2,"lastFunction":5,"lastStatement":15,"seen":{"f:14:9:14:28":0,"s:15:8:15:36":0,"s:16:19:16:Infinity":1,"s:17:22:17:Infinity":2,"s:18:8:40:Infinity":3,"f:18:8:18:30":1,"s:19:19:19:53":4,"b:21:4:22:Infinity:undefined:undefined:undefined:undefined":0,"s:21:4:22:Infinity":5,"s:22:6:22:Infinity":6,"s:25:4:40:Infinity":7,"f:26:7:26:13":2,"s:27:8:29:Infinity":8,"f:31:7:31:14":3,"s:32:8:34:Infinity":9,"s:35:8:39:Infinity":10,"b:37:37:37:53:37:53:37:Infinity":1,"s:42:8:46:Infinity":11,"f:42:8:42:32":4,"s:43:4:43:Infinity":12,"s:44:4:46:Infinity":13,"s:49:2:88:Infinity":14}}}
,"D:\\components\\class-components\\src\\components\\HookForm\\HookCountryField.tsx": {"path":"D:\\components\\class-components\\src\\components\\HookForm\\HookCountryField.tsx","statementMap":{"0":{"start":{"line":11,"column":2},"end":{"line":25,"column":null}},"1":{"start":{"line":22,"column":10},"end":{"line":22,"column":null}}},"fnMap":{"0":{"name":"HookCountryField","decl":{"start":{"line":10,"column":9},"end":{"line":10,"column":26}},"loc":{"start":{"line":10,"column":75},"end":{"line":25,"column":null}},"line":10},"1":{"name":"(anonymous_1)","decl":{"start":{"line":21,"column":19},"end":{"line":21,"column":24}},"loc":{"start":{"line":22,"column":10},"end":{"line":22,"column":null}},"line":22}},"branchMap":{},"s":{"0":35,"1":175},"f":{"0":35,"1":175},"b":{},"meta":{"lastBranch":0,"lastFunction":2,"lastStatement":2,"seen":{"f:10:9:10:26":0,"s:11:2:25:Infinity":0,"f:21:19:21:24":1,"s:22:10:22:Infinity":1}}}
,"D:\\components\\class-components\\src\\components\\HookForm\\HookForm.css": {"path":"D:\\components\\class-components\\src\\components\\HookForm\\HookForm.css","statementMap":{},"fnMap":{},"branchMap":{},"s":{},"f":{},"b":{},"meta":{"lastBranch":0,"lastFunction":0,"lastStatement":0,"seen":{}}}
,"D:\\components\\class-components\\src\\components\\HookForm\\HookForm.tsx": {"path":"D:\\components\\class-components\\src\\components\\HookForm\\HookForm.tsx","statementMap":{"0":{"start":{"line":15,"column":8},"end":{"line":15,"column":68}},"1":{"start":{"line":15,"column":46},"end":{"line":15,"column":68}},"2":{"start":{"line":16,"column":8},"end":{"line":19,"column":4}},"3":{"start":{"line":21,"column":8},"end":{"line":23,"column":null}},"4":{"start":{"line":22,"column":4},"end":{"line":22,"column":null}},"5":{"start":{"line":23,"column":4},"end":{"line":23,"column":null}},"6":{"start":{"line":26,"column":2},"end":{"line":79,"column":null}},"7":{"start":{"line":31,"column":8},"end":{"line":31,"column":null}}},"fnMap":{"0":{"name":"HookForm","decl":{"start":{"line":14,"column":9},"end":{"line":14,"column":18}},"loc":{"start":{"line":14,"column":52},"end":{"line":79,"column":null}},"line":14},"1":{"name":"(anonymous_1)","decl":{"start":{"line":15,"column":20},"end":{"line":15,"column":36}},"loc":{"start":{"line":15,"column":46},"end":{"line":15,"column":68}},"line":15},"2":{"name":"(anonymous_2)","decl":{"start":{"line":21,"column":8},"end":{"line":21,"column":52}},"loc":{"start":{"line":21,"column":63},"end":{"line":23,"column":null}},"line":21},"3":{"name":"(anonymous_3)","decl":{"start":{"line":30,"column":6},"end":{"line":30,"column":17}},"loc":{"start":{"line":30,"column":27},"end":{"line":31,"column":null}},"line":30}},"branchMap":{},"s":{"0":25,"1":29,"2":25,"3":25,"4":1,"5":1,"6":25,"7":1},"f":{"0":25,"1":29,"2":1,"3":1},"b":{},"meta":{"lastBranch":0,"lastFunction":4,"lastStatement":8,"seen":{"f:14:9:14:18":0,"s:15:8:15:68":0,"f:15:20:15:36":1,"s:15:46:15:68":1,"s:16:8:19:4":2,"s:21:8:23:Infinity":3,"f:21:8:21:52":2,"s:22:4:22:Infinity":4,"s:23:4:23:Infinity":5,"s:26:2:79:Infinity":6,"f:30:6:30:17":3,"s:31:8:31:Infinity":7}}}
,"D:\\components\\class-components\\src\\components\\HookForm\\HookTermsSubmit.tsx": {"path":"D:\\components\\class-components\\src\\components\\HookForm\\HookTermsSubmit.tsx","statementMap":{"0":{"start":{"line":10,"column":2},"end":{"line":31,"column":null}}},"fnMap":{"0":{"name":"HookTermsSubmit","decl":{"start":{"line":9,"column":9},"end":{"line":9,"column":25}},"loc":{"start":{"line":9,"column":62},"end":{"line":31,"column":null}},"line":9}},"branchMap":{},"s":{"0":25},"f":{"0":25},"b":{},"meta":{"lastBranch":0,"lastFunction":1,"lastStatement":1,"seen":{"f:9:9:9:25":0,"s:10:2:31:Infinity":0}}}
,"D:\\components\\class-components\\src\\components\\Modal\\Modal.css": {"path":"D:\\components\\class-components\\src\\components\\Modal\\Modal.css","statementMap":{},"fnMap":{},"branchMap":{},"s":{},"f":{},"b":{},"meta":{"lastBranch":0,"lastFunction":0,"lastStatement":0,"seen":{}}}
,"D:\\components\\class-components\\src\\components\\Modal\\Modal.tsx": {"path":"D:\\components\\class-components\\src\\components\\Modal\\Modal.tsx","statementMap":{"0":{"start":{"line":12,"column":8},"end":{"line":12,"column":62}},"1":{"start":{"line":13,"column":8},"end":{"line":13,"column":57}},"2":{"start":{"line":14,"column":8},"end":{"line":14,"column":65}},"3":{"start":{"line":15,"column":18},"end":{"line":15,"column":null}},"4":{"start":{"line":17,"column":2},"end":{"line":52,"column":null}},"5":{"start":{"line":18,"column":19},"end":{"line":18,"column":null}},"6":{"start":{"line":20,"column":4},"end":{"line":21,"column":null}},"7":{"start":{"line":21,"column":6},"end":{"line":21,"column":null}},"8":{"start":{"line":24,"column":4},"end":{"line":27,"column":null}},"9":{"start":{"line":29,"column":4},"end":{"line":32,"column":null}},"10":{"start":{"line":30,"column":6},"end":{"line":30,"column":null}},"11":{"start":{"line":32,"column":6},"end":{"line":32,"column":null}},"12":{"start":{"line":36,"column":6},"end":{"line":37,"column":null}},"13":{"start":{"line":39,"column":4},"end":{"line":39,"column":null}},"14":{"start":{"line":41,"column":4},"end":{"line":50,"column":null}},"15":{"start":{"line":42,"column":6},"end":{"line":43,"column":null}},"16":{"start":{"line":43,"column":8},"end":{"line":43,"column":null}},"17":{"start":{"line":46,"column":6},"end":{"line":47,"column":null}},"18":{"start":{"line":47,"column":8},"end":{"line":47,"column":null}},"19":{"start":{"line":50,"column":6},"end":{"line":50,"column":null}},"20":{"start":{"line":54,"column":2},"end":{"line":94,"column":null}},"21":{"start":{"line":61,"column":8},"end":{"line":62,"column":null}},"22":{"start":{"line":62,"column":10},"end":{"line":62,"column":null}},"23":{"start":{"line":66,"column":8},"end":{"line":66,"column":null}},"24":{"start":{"line":67,"column":8},"end":{"line":67,"column":null}},"25":{"start":{"line":70,"column":8},"end":{"line":71,"column":null}},"26":{"start":{"line":71,"column":10},"end":{"line":71,"column":null}}},"fnMap":{"0":{"name":"Modal","decl":{"start":{"line":11,"column":9},"end":{"line":11,"column":15}},"loc":{"start":{"line":11,"column":62},"end":{"line":94,"column":null}},"line":11},"1":{"name":"(anonymous_1)","decl":{"start":{"line":17,"column":2},"end":{"line":17,"column":18}},"loc":{"start":{"line":17,"column":18},"end":{"line":52,"column":7}},"line":17},"2":{"name":"(anonymous_2)","decl":{"start":{"line":41,"column":4},"end":{"line":41,"column":17}},"loc":{"start":{"line":41,"column":17},"end":{"line":50,"column":null}},"line":41},"3":{"name":"(anonymous_3)","decl":{"start":{"line":60,"column":6},"end":{"line":60,"column":20}},"loc":{"start":{"line":60,"column":30},"end":{"line":62,"column":null}},"line":60},"4":{"name":"(anonymous_4)","decl":{"start":{"line":65,"column":6},"end":{"line":65,"column":17}},"loc":{"start":{"line":65,"column":27},"end":{"line":67,"column":null}},"line":65},"5":{"name":"(anonymous_5)","decl":{"start":{"line":69,"column":6},"end":{"line":69,"column":18}},"loc":{"start":{"line":69,"column":28},"end":{"line":71,"column":null}},"line":69}},"branchMap":{"0":{"loc":{"start":{"line":20,"column":4},"end":{"line":21,"column":null}},"type":"if","locations":[{"start":{"line":20,"column":4},"end":{"line":21,"column":null}},{"start":{},"end":{}}],"line":20},"1":{"loc":{"start":{"line":25,"column":6},"end":{"line":27,"column":null}},"type":"cond-expr","locations":[{"start":{"line":26,"column":10},"end":{"line":26,"column":null}},{"start":{"line":27,"column":10},"end":{"line":27,"column":null}}],"line":25},"2":{"loc":{"start":{"line":29,"column":4},"end":{"line":32,"column":null}},"type":"if","locations":[{"start":{"line":29,"column":4},"end":{"line":32,"column":null}},{"start":{"line":31,"column":11},"end":{"line":32,"column":null}}],"line":29},"3":{"loc":{"start":{"line":36,"column":6},"end":{"line":37,"column":null}},"type":"binary-expr","locations":[{"start":{"line":36,"column":6},"end":{"line":36,"column":65}},{"start":{"line":37,"column":6},"end":{"line":37,"column":null}}],"line":36},"4":{"loc":{"start":{"line":42,"column":6},"end":{"line":43,"column":null}},"type":"if","locations":[{"start":{"line":42,"column":6},"end":{"line":43,"column":null}},{"start":{},"end":{}}],"line":42},"5":{"loc":{"start":{"line":42,"column":10},"end":{"line":42,"column":61}},"type":"binary-expr","locations":[{"start":{"line":42,"column":10},"end":{"line":42,"column":25}},{"start":{"line":42,"column":25},"end":{"line":42,"column":61}}],"line":42},"6":{"loc":{"start":{"line":46,"column":6},"end":{"line":47,"column":null}},"type":"if","locations":[{"start":{"line":46,"column":6},"end":{"line":47,"column":null}},{"start":{},"end":{}}],"line":46},"7":{"loc":{"start":{"line":61,"column":8},"end":{"line":62,"column":null}},"type":"if","locations":[{"start":{"line":61,"column":8},"end":{"line":62,"column":null}},{"start":{},"end":{}}],"line":61},"8":{"loc":{"start":{"line":70,"column":8},"end":{"line":71,"column":null}},"type":"if","locations":[{"start":{"line":70,"column":8},"end":{"line":71,"column":null}},{"start":{},"end":{}}],"line":70}},"s":{"0":14,"1":14,"2":14,"3":14,"4":14,"5":14,"6":14,"7":0,"8":14,"9":14,"10":1,"11":13,"12":14,"13":14,"14":14,"15":14,"16":1,"17":14,"18":13,"19":14,"20":14,"21":28,"22":2,"23":1,"24":1,"25":141,"26":2},"f":{"0":14,"1":14,"2":14,"3":28,"4":1,"5":141},"b":{"0":[0,14],"1":[14,0],"2":[1,13],"3":[14,3],"4":[1,13],"5":[14,14],"6":[13,1],"7":[2,26],"8":[2,139]},"meta":{"lastBranch":9,"lastFunction":6,"lastStatement":27,"seen":{"f:11:9:11:15":0,"s:12:8:12:62":0,"s:13:8:13:57":1,"s:14:8:14:65":2,"s:15:18:15:Infinity":3,"s:17:2:52:Infinity":4,"f:17:2:17:18":1,"s:18:19:18:Infinity":5,"b:20:4:21:Infinity:undefined:undefined:undefined:undefined":0,"s:20:4:21:Infinity":6,"s:21:6:21:Infinity":7,"s:24:4:27:Infinity":8,"b:26:10:26:Infinity:27:10:27:Infinity":1,"b:29:4:32:Infinity:31:11:32:Infinity":2,"s:29:4:32:Infinity":9,"s:30:6:30:Infinity":10,"s:32:6:32:Infinity":11,"s:36:6:37:Infinity":12,"b:36:6:36:65:37:6:37:Infinity":3,"s:39:4:39:Infinity":13,"s:41:4:50:Infinity":14,"f:41:4:41:17":2,"b:42:6:43:Infinity:undefined:undefined:undefined:undefined":4,"s:42:6:43:Infinity":15,"b:42:10:42:25:42:25:42:61":5,"s:43:8:43:Infinity":16,"b:46:6:47:Infinity:undefined:undefined:undefined:undefined":6,"s:46:6:47:Infinity":17,"s:47:8:47:Infinity":18,"s:50:6:50:Infinity":19,"s:54:2:94:Infinity":20,"f:60:6:60:20":3,"b:61:8:62:Infinity:undefined:undefined:undefined:undefined":7,"s:61:8:62:Infinity":21,"s:62:10:62:Infinity":22,"f:65:6:65:17":4,"s:66:8:66:Infinity":23,"s:67:8:67:Infinity":24,"f:69:6:69:18":5,"b:70:8:71:Infinity:undefined:undefined:undefined:undefined":8,"s:70:8:71:Infinity":25,"s:71:10:71:Infinity":26}}}
,"D:\\components\\class-components\\src\\components\\PasswordStrength\\PasswordStrength.css": {"path":"D:\\components\\class-components\\src\\components\\PasswordStrength\\PasswordStrength.css","statementMap":{},"fnMap":{},"branchMap":{},"s":{},"f":{},"b":{},"meta":{"lastBranch":0,"lastFunction":0,"lastStatement":0,"seen":{}}}
,"D:\\components\\class-components\\src\\components\\PasswordStrength\\PasswordStrength.tsx": {"path":"D:\\components\\class-components\\src\\components\\PasswordStrength\\PasswordStrength.tsx","statementMap":{"0":{"start":{"line":9,"column":2},"end":{"line":25,"column":null}},"1":{"start":{"line":12,"column":8},"end":{"line":22,"column":null}}},"fnMap":{"0":{"name":"PasswordStrength","decl":{"start":{"line":8,"column":9},"end":{"line":8,"column":26}},"loc":{"start":{"line":8,"column":68},"end":{"line":25,"column":null}},"line":8},"1":{"name":"(anonymous_1)","decl":{"start":{"line":11,"column":43},"end":{"line":11,"column":48}},"loc":{"start":{"line":11,"column":58},"end":{"line":22,"column":null}},"line":11}},"branchMap":{"0":{"loc":{"start":{"line":15,"column":14},"end":{"line":17,"column":null}},"type":"cond-expr","locations":[{"start":{"line":16,"column":18},"end":{"line":16,"column":null}},{"start":{"line":17,"column":18},"end":{"line":17,"column":null}}],"line":15}},"s":{"0":55,"1":220},"f":{"0":55,"1":220},"b":{"0":[86,134]},"meta":{"lastBranch":1,"lastFunction":2,"lastStatement":2,"seen":{"f:8:9:8:26":0,"s:9:2:25:Infinity":0,"f:11:43:11:48":1,"s:12:8:22:Infinity":1,"b:16:18:16:Infinity:17:18:17:Infinity":0}}}
,"D:\\components\\class-components\\src\\components\\Submissions\\Submissions.css": {"path":"D:\\components\\class-components\\src\\components\\Submissions\\Submissions.css","statementMap":{},"fnMap":{},"branchMap":{},"s":{},"f":{},"b":{},"meta":{"lastBranch":0,"lastFunction":0,"lastStatement":0,"seen":{}}}
,"D:\\components\\class-components\\src\\components\\Submissions\\Submissions.tsx": {"path":"D:\\components\\class-components\\src\\components\\Submissions\\Submissions.tsx","statementMap":{"0":{"start":{"line":5,"column":8},"end":{"line":5,"column":72}},"1":{"start":{"line":5,"column":48},"end":{"line":5,"column":72}},"2":{"start":{"line":6,"column":8},"end":{"line":7,"column":null}},"3":{"start":{"line":7,"column":15},"end":{"line":7,"column":null}},"4":{"start":{"line":10,"column":2},"end":{"line":46,"column":null}},"5":{"start":{"line":16,"column":12},"end":{"line":42,"column":null}}},"fnMap":{"0":{"name":"Submissions","decl":{"start":{"line":4,"column":9},"end":{"line":4,"column":23}},"loc":{"start":{"line":4,"column":23},"end":{"line":46,"column":null}},"line":4},"1":{"name":"(anonymous_1)","decl":{"start":{"line":5,"column":22},"end":{"line":5,"column":38}},"loc":{"start":{"line":5,"column":48},"end":{"line":5,"column":72}},"line":5},"2":{"name":"(anonymous_2)","decl":{"start":{"line":6,"column":26},"end":{"line":6,"column":null}},"loc":{"start":{"line":7,"column":15},"end":{"line":7,"column":null}},"line":7},"3":{"name":"(anonymous_3)","decl":{"start":{"line":15,"column":23},"end":{"line":15,"column":28}},"loc":{"start":{"line":16,"column":12},"end":{"line":42,"column":null}},"line":16}},"branchMap":{"0":{"loc":{"start":{"line":13,"column":7},"end":{"line":46,"column":null}},"type":"cond-expr","locations":[{"start":{"line":14,"column":8},"end":{"line":46,"column":9}},{"start":{"line":46,"column":8},"end":{"line":46,"column":null}}],"line":13},"1":{"loc":{"start":{"line":18,"column":16},"end":{"line":20,"column":null}},"type":"cond-expr","locations":[{"start":{"line":19,"column":20},"end":{"line":19,"column":null}},{"start":{"line":20,"column":20},"end":{"line":20,"column":null}}],"line":18},"2":{"loc":{"start":{"line":36,"column":33},"end":{"line":36,"column":null}},"type":"cond-expr","locations":[{"start":{"line":36,"column":60},"end":{"line":36,"column":68}},{"start":{"line":36,"column":68},"end":{"line":36,"column":null}}],"line":36}},"s":{"0":26,"1":40,"2":26,"3":40,"4":26,"5":3},"f":{"0":26,"1":40,"2":40,"3":3},"b":{"0":[3,23],"1":[2,1],"2":[2,1]},"meta":{"lastBranch":3,"lastFunction":4,"lastStatement":6,"seen":{"f:4:9:4:23":0,"s:5:8:5:72":0,"f:5:22:5:38":1,"s:5:48:5:72":1,"s:6:8:7:Infinity":2,"f:6:26:6:Infinity":2,"s:7:15:7:Infinity":3,"s:10:2:46:Infinity":4,"b:14:8:46:9:46:8:46:Infinity":0,"f:15:23:15:28":3,"s:16:12:42:Infinity":5,"b:19:20:19:Infinity:20:20:20:Infinity":1,"b:36:60:36:68:36:68:36:Infinity":2}}}
,"D:\\components\\class-components\\src\\components\\UncontrolledForm\\UncontrolledAdvancedFields.tsx": {"path":"D:\\components\\class-components\\src\\components\\UncontrolledForm\\UncontrolledAdvancedFields.tsx","statementMap":{"0":{"start":{"line":21,"column":8},"end":{"line":21,"column":36}},"1":{"start":{"line":22,"column":19},"end":{"line":22,"column":null}},"2":{"start":{"line":23,"column":22},"end":{"line":23,"column":null}},"3":{"start":{"line":24,"column":8},"end":{"line":40,"column":null}},"4":{"start":{"line":25,"column":19},"end":{"line":25,"column":53}},"5":{"start":{"line":27,"column":4},"end":{"line":29,"column":null}},"6":{"start":{"line":28,"column":6},"end":{"line":28,"column":null}},"7":{"start":{"line":29,"column":6},"end":{"line":29,"column":null}},"8":{"start":{"line":32,"column":4},"end":{"line":40,"column":null}},"9":{"start":{"line":34,"column":8},"end":{"line":34,"column":null}},"10":{"start":{"line":37,"column":8},"end":{"line":39,"column":null}},"11":{"start":{"line":42,"column":8},"end":{"line":43,"column":null}},"12":{"start":{"line":43,"column":4},"end":{"line":43,"column":null}},"13":{"start":{"line":46,"column":2},"end":{"line":83,"column":null}}},"fnMap":{"0":{"name":"UncontrolledAdvancedFields","decl":{"start":{"line":15,"column":9},"end":{"line":15,"column":36}},"loc":{"start":{"line":20,"column":41},"end":{"line":83,"column":null}},"line":20},"1":{"name":"(anonymous_1)","decl":{"start":{"line":24,"column":8},"end":{"line":24,"column":30}},"loc":{"start":{"line":24,"column":71},"end":{"line":40,"column":null}},"line":24},"2":{"name":"(anonymous_2)","decl":{"start":{"line":33,"column":7},"end":{"line":33,"column":13}},"loc":{"start":{"line":33,"column":34},"end":{"line":35,"column":null}},"line":33},"3":{"name":"(anonymous_3)","decl":{"start":{"line":36,"column":7},"end":{"line":36,"column":14}},"loc":{"start":{"line":36,"column":33},"end":{"line":40,"column":null}},"line":36},"4":{"name":"(anonymous_4)","decl":{"start":{"line":42,"column":8},"end":{"line":42,"column":32}},"loc":{"start":{"line":42,"column":73},"end":{"line":43,"column":null}},"line":42}},"branchMap":{"0":{"loc":{"start":{"line":27,"column":4},"end":{"line":29,"column":null}},"type":"if","locations":[{"start":{"line":27,"column":4},"end":{"line":29,"column":null}},{"start":{},"end":{}}],"line":27},"1":{"loc":{"start":{"line":38,"column":10},"end":{"line":38,"column":null}},"type":"cond-expr","locations":[{"start":{"line":38,"column":35},"end":{"line":38,"column":51}},{"start":{"line":38,"column":51},"end":{"line":38,"column":null}}],"line":38}},"s":{"0":20,"1":20,"2":20,"3":20,"4":2,"5":2,"6":0,"7":0,"8":2,"9":1,"10":1,"11":20,"12":10,"13":20},"f":{"0":20,"1":2,"2":1,"3":1,"4":10},"b":{"0":[0,2],"1":[1,0]},"meta":{"lastBranch":2,"lastFunction":5,"lastStatement":14,"seen":{"f:15:9:15:36":0,"s:21:8:21:36":0,"s:22:19:22:Infinity":1,"s:23:22:23:Infinity":2,"s:24:8:40:Infinity":3,"f:24:8:24:30":1,"s:25:19:25:53":4,"b:27:4:29:Infinity:undefined:undefined:undefined:undefined":0,"s:27:4:29:Infinity":5,"s:28:6:28:Infinity":6,"s:29:6:29:Infinity":7,"s:32:4:40:Infinity":8,"f:33:7:33:13":2,"s:34:8:34:Infinity":9,"f:36:7:36:14":3,"s:37:8:39:Infinity":10,"b:38:35:38:51:38:51:38:Infinity":1,"s:42:8:43:Infinity":11,"f:42:8:42:32":4,"s:43:4:43:Infinity":12,"s:46:2:83:Infinity":13}}}
,"D:\\components\\class-components\\src\\components\\UncontrolledForm\\UncontrolledBasicFields.tsx": {"path":"D:\\components\\class-components\\src\\components\\UncontrolledForm\\UncontrolledBasicFields.tsx","statementMap":{"0":{"start":{"line":11,"column":2},"end":{"line":48,"column":null}}},"fnMap":{"0":{"name":"UncontrolledBasicFields","decl":{"start":{"line":8,"column":9},"end":{"line":8,"column":33}},"loc":{"start":{"line":10,"column":38},"end":{"line":48,"column":null}},"line":10}},"branchMap":{},"s":{"0":10},"f":{"0":10},"b":{},"meta":{"lastBranch":0,"lastFunction":1,"lastStatement":1,"seen":{"f:8:9:8:33":0,"s:11:2:48:Infinity":0}}}
,"D:\\components\\class-components\\src\\components\\UncontrolledForm\\UncontrolledCountryField.tsx": {"path":"D:\\components\\class-components\\src\\components\\UncontrolledForm\\UncontrolledCountryField.tsx","statementMap":{"0":{"start":{"line":12,"column":2},"end":{"line":26,"column":null}},"1":{"start":{"line":23,"column":10},"end":{"line":23,"column":null}}},"fnMap":{"0":{"name":"UncontrolledCountryField","decl":{"start":{"line":8,"column":9},"end":{"line":8,"column":34}},"loc":{"start":{"line":11,"column":39},"end":{"line":26,"column":null}},"line":11},"1":{"name":"(anonymous_1)","decl":{"start":{"line":22,"column":19},"end":{"line":22,"column":24}},"loc":{"start":{"line":23,"column":10},"end":{"line":23,"column":null}},"line":23}},"branchMap":{},"s":{"0":20,"1":100},"f":{"0":20,"1":100},"b":{},"meta":{"lastBranch":0,"lastFunction":2,"lastStatement":2,"seen":{"f:8:9:8:34":0,"s:12:2:26:Infinity":0,"f:22:19:22:24":1,"s:23:10:23:Infinity":1}}}
,"D:\\components\\class-components\\src\\components\\UncontrolledForm\\UncontrolledForm.css": {"path":"D:\\components\\class-components\\src\\components\\UncontrolledForm\\UncontrolledForm.css","statementMap":{},"fnMap":{},"branchMap":{},"s":{},"f":{},"b":{},"meta":{"lastBranch":0,"lastFunction":0,"lastStatement":0,"seen":{}}}
,"D:\\components\\class-components\\src\\components\\UncontrolledForm\\UncontrolledForm.tsx": {"path":"D:\\components\\class-components\\src\\components\\UncontrolledForm\\UncontrolledForm.tsx","statementMap":{"0":{"start":{"line":19,"column":16},"end":{"line":19,"column":39}},"1":{"start":{"line":21,"column":2},"end":{"line":21,"column":null}},"2":{"start":{"line":25,"column":2},"end":{"line":35,"column":null}},"3":{"start":{"line":43,"column":2},"end":{"line":48,"column":null}},"4":{"start":{"line":52,"column":2},"end":{"line":57,"column":null}},"5":{"start":{"line":53,"column":41},"end":{"line":55,"column":null}},"6":{"start":{"line":61,"column":8},"end":{"line":61,"column":68}},"7":{"start":{"line":61,"column":46},"end":{"line":61,"column":68}},"8":{"start":{"line":62,"column":8},"end":{"line":62,"column":42}},"9":{"start":{"line":63,"column":8},"end":{"line":63,"column":41}},"10":{"start":{"line":64,"column":8},"end":{"line":64,"column":46}},"11":{"start":{"line":65,"column":17},"end":{"line":65,"column":null}},"12":{"start":{"line":66,"column":20},"end":{"line":66,"column":null}},"13":{"start":{"line":68,"column":2},"end":{"line":136,"column":null}},"14":{"start":{"line":73,"column":8},"end":{"line":73,"column":null}},"15":{"start":{"line":74,"column":25},"end":{"line":74,"column":58}},"16":{"start":{"line":76,"column":8},"end":{"line":104,"column":null}},"17":{"start":{"line":82,"column":12},"end":{"line":84,"column":null}},"18":{"start":{"line":83,"column":14},"end":{"line":83,"column":null}},"19":{"start":{"line":84,"column":14},"end":{"line":84,"column":null}},"20":{"start":{"line":87,"column":12},"end":{"line":87,"column":null}},"21":{"start":{"line":88,"column":12},"end":{"line":88,"column":null}},"22":{"start":{"line":89,"column":12},"end":{"line":89,"column":null}},"23":{"start":{"line":90,"column":12},"end":{"line":90,"column":null}},"24":{"start":{"line":91,"column":12},"end":{"line":91,"column":null}},"25":{"start":{"line":95,"column":14},"end":{"line":97,"column":20}},"26":{"start":{"line":99,"column":12},"end":{"line":103,"column":null}},"27":{"start":{"line":112,"column":10},"end":{"line":112,"column":null}},"28":{"start":{"line":113,"column":10},"end":{"line":113,"column":null}},"29":{"start":{"line":116,"column":10},"end":{"line":116,"column":null}},"30":{"start":{"line":117,"column":10},"end":{"line":117,"column":null}},"31":{"start":{"line":118,"column":10},"end":{"line":121,"column":null}},"32":{"start":{"line":118,"column":40},"end":{"line":121,"column":13}}},"fnMap":{"0":{"name":"getFormString","decl":{"start":{"line":18,"column":9},"end":{"line":18,"column":23}},"loc":{"start":{"line":18,"column":70},"end":{"line":21,"column":null}},"line":18},"1":{"name":"getFormValues","decl":{"start":{"line":24,"column":9},"end":{"line":24,"column":23}},"loc":{"start":{"line":24,"column":77},"end":{"line":35,"column":null}},"line":24},"2":{"name":"validateFormData","decl":{"start":{"line":38,"column":15},"end":{"line":38,"column":null}},"loc":{"start":{"line":42,"column":23},"end":{"line":48,"column":null}},"line":42},"3":{"name":"getValidationErrors","decl":{"start":{"line":51,"column":9},"end":{"line":51,"column":29}},"loc":{"start":{"line":51,"column":65},"end":{"line":57,"column":null}},"line":51},"4":{"name":"(anonymous_4)","decl":{"start":{"line":53,"column":16},"end":{"line":53,"column":21}},"loc":{"start":{"line":53,"column":41},"end":{"line":55,"column":null}},"line":53},"5":{"name":"UncontrolledForm","decl":{"start":{"line":60,"column":9},"end":{"line":60,"column":26}},"loc":{"start":{"line":60,"column":68},"end":{"line":136,"column":null}},"line":60},"6":{"name":"(anonymous_6)","decl":{"start":{"line":61,"column":20},"end":{"line":61,"column":36}},"loc":{"start":{"line":61,"column":46},"end":{"line":61,"column":68}},"line":61},"7":{"name":"(anonymous_7)","decl":{"start":{"line":72,"column":6},"end":{"line":72,"column":17}},"loc":{"start":{"line":72,"column":27},"end":{"line":104,"column":null}},"line":72},"8":{"name":"(anonymous_8)","decl":{"start":{"line":81,"column":11},"end":{"line":81,"column":17}},"loc":{"start":{"line":81,"column":37},"end":{"line":92,"column":null}},"line":81},"9":{"name":"(anonymous_9)","decl":{"start":{"line":93,"column":11},"end":{"line":93,"column":18}},"loc":{"start":{"line":93,"column":37},"end":{"line":104,"column":null}},"line":93},"10":{"name":"(anonymous_10)","decl":{"start":{"line":111,"column":8},"end":{"line":111,"column":23}},"loc":{"start":{"line":111,"column":35},"end":{"line":113,"column":null}},"line":111},"11":{"name":"(anonymous_11)","decl":{"start":{"line":115,"column":8},"end":{"line":115,"column":23}},"loc":{"start":{"line":115,"column":40},"end":{"line":121,"column":null}},"line":115},"12":{"name":"(anonymous_12)","decl":{"start":{"line":118,"column":10},"end":{"line":118,"column":21}},"loc":{"start":{"line":118,"column":40},"end":{"line":121,"column":13}},"line":118}},"branchMap":{"0":{"loc":{"start":{"line":21,"column":9},"end":{"line":21,"column":null}},"type":"cond-expr","locations":[{"start":{"line":21,"column":37},"end":{"line":21,"column":45}},{"start":{"line":21,"column":45},"end":{"line":21,"column":null}}],"line":21},"1":{"loc":{"start":{"line":54,"column":6},"end":{"line":54,"column":null}},"type":"binary-expr","locations":[{"start":{"line":54,"column":6},"end":{"line":54,"column":30}},{"start":{"line":54,"column":30},"end":{"line":54,"column":null}}],"line":54},"2":{"loc":{"start":{"line":82,"column":12},"end":{"line":84,"column":null}},"type":"if","locations":[{"start":{"line":82,"column":12},"end":{"line":84,"column":null}},{"start":{},"end":{}}],"line":82},"3":{"loc":{"start":{"line":95,"column":14},"end":{"line":97,"column":20}},"type":"cond-expr","locations":[{"start":{"line":96,"column":18},"end":{"line":96,"column":44}},{"start":{"line":97,"column":18},"end":{"line":97,"column":20}}],"line":95},"4":{"loc":{"start":{"line":102,"column":16},"end":{"line":102,"column":null}},"type":"binary-expr","locations":[{"start":{"line":102,"column":16},"end":{"line":102,"column":48}},{"start":{"line":102,"column":48},"end":{"line":102,"column":null}}],"line":102}},"s":{"0":21,"1":21,"2":3,"3":3,"4":2,"5":23,"6":10,"7":18,"8":10,"9":10,"10":10,"11":10,"12":10,"13":10,"14":3,"15":3,"16":3,"17":1,"18":0,"19":0,"20":1,"21":1,"22":1,"23":1,"24":1,"25":3,"26":3,"27":1,"28":1,"29":1,"30":1,"31":1,"32":1},"f":{"0":21,"1":3,"2":3,"3":2,"4":23,"5":10,"6":18,"7":3,"8":1,"9":3,"10":1,"11":1,"12":1},"b":{"0":[21,0],"1":[23,0],"2":[0,1],"3":[2,1],"4":[3,2]},"meta":{"lastBranch":5,"lastFunction":13,"lastStatement":33,"seen":{"f:18:9:18:23":0,"s:19:16:19:39":0,"s:21:2:21:Infinity":1,"b:21:37:21:45:21:45:21:Infinity":0,"f:24:9:24:23":1,"s:25:2:35:Infinity":2,"f:38:15:38:Infinity":2,"s:43:2:48:Infinity":3,"f:51:9:51:29":3,"s:52:2:57:Infinity":4,"f:53:16:53:21":4,"s:53:41:55:Infinity":5,"b:54:6:54:30:54:30:54:Infinity":1,"f:60:9:60:26":5,"s:61:8:61:68":6,"f:61:20:61:36":6,"s:61:46:61:68":7,"s:62:8:62:42":8,"s:63:8:63:41":9,"s:64:8:64:46":10,"s:65:17:65:Infinity":11,"s:66:20:66:Infinity":12,"s:68:2:136:Infinity":13,"f:72:6:72:17":7,"s:73:8:73:Infinity":14,"s:74:25:74:58":15,"s:76:8:104:Infinity":16,"f:81:11:81:17":8,"b:82:12:84:Infinity:undefined:undefined:undefined:undefined":2,"s:82:12:84:Infinity":17,"s:83:14:83:Infinity":18,"s:84:14:84:Infinity":19,"s:87:12:87:Infinity":20,"s:88:12:88:Infinity":21,"s:89:12:89:Infinity":22,"s:90:12:90:Infinity":23,"s:91:12:91:Infinity":24,"f:93:11:93:18":9,"s:95:14:97:20":25,"b:96:18:96:44:97:18:97:20":3,"s:99:12:103:Infinity":26,"b:102:16:102:48:102:48:102:Infinity":4,"f:111:8:111:23":10,"s:112:10:112:Infinity":27,"s:113:10:113:Infinity":28,"f:115:8:115:23":11,"s:116:10:116:Infinity":29,"s:117:10:117:Infinity":30,"s:118:10:121:Infinity":31,"f:118:10:118:21":12,"s:118:40:121:13":32}}}
,"D:\\components\\class-components\\src\\store\\countriesSlice.ts": {"path":"D:\\components\\class-components\\src\\store\\countriesSlice.ts","statementMap":{"0":{"start":{"line":7,"column":37},"end":{"line":8,"column":null}},"1":{"start":{"line":11,"column":6},"end":{"line":15,"column":2}}},"fnMap":{},"branchMap":{},"s":{"0":3,"1":3},"f":{},"b":{},"meta":{"lastBranch":0,"lastFunction":0,"lastStatement":2,"seen":{"s:7:37:8:Infinity":0,"s:11:6:15:2":1}}}
,"D:\\components\\class-components\\src\\store\\hooks.ts": {"path":"D:\\components\\class-components\\src\\store\\hooks.ts","statementMap":{"0":{"start":{"line":8,"column":13},"end":{"line":8,"column":75}},"1":{"start":{"line":9,"column":63},"end":{"line":9,"column":null}}},"fnMap":{"0":{"name":"(anonymous_0)","decl":{"start":{"line":8,"column":13},"end":{"line":8,"column":49}},"loc":{"start":{"line":8,"column":13},"end":{"line":8,"column":75}},"line":8}},"branchMap":{},"s":{"0":25,"1":2},"f":{"0":25},"b":{},"meta":{"lastBranch":0,"lastFunction":1,"lastStatement":2,"seen":{"s:8:13:8:75":0,"f:8:13:8:49":0,"s:9:63:9:Infinity":1}}}
,"D:\\components\\class-components\\src\\store\\submissionsSlice.ts": {"path":"D:\\components\\class-components\\src\\store\\submissionsSlice.ts","statementMap":{"0":{"start":{"line":16,"column":39},"end":{"line":19,"column":null}},"1":{"start":{"line":21,"column":6},"end":{"line":41,"column":2}},"2":{"start":{"line":29,"column":17},"end":{"line":29,"column":null}},"3":{"start":{"line":31,"column":6},"end":{"line":34,"column":null}},"4":{"start":{"line":35,"column":6},"end":{"line":35,"column":null}},"5":{"start":{"line":38,"column":6},"end":{"line":38,"column":null}},"6":{"start":{"line":44,"column":2},"end":{"line":44,"column":null}}},"fnMap":{"0":{"name":"(anonymous_0)","decl":{"start":{"line":25,"column":4},"end":{"line":25,"column":null}},"loc":{"start":{"line":28,"column":9},"end":{"line":35,"column":null}},"line":28},"1":{"name":"(anonymous_1)","decl":{"start":{"line":37,"column":4},"end":{"line":37,"column":31}},"loc":{"start":{"line":37,"column":41},"end":{"line":38,"column":null}},"line":37}},"branchMap":{},"s":{"0":3,"1":3,"2":4,"3":4,"4":4,"5":1,"6":3},"f":{"0":4,"1":1},"b":{},"meta":{"lastBranch":0,"lastFunction":2,"lastStatement":7,"seen":{"s:16:39:19:Infinity":0,"s:21:6:41:2":1,"f:25:4:25:Infinity":0,"s:29:17:29:Infinity":2,"s:31:6:34:Infinity":3,"s:35:6:35:Infinity":4,"f:37:4:37:31":1,"s:38:6:38:Infinity":5,"s:44:2:44:Infinity":6}}}
,"D:\\components\\class-components\\src\\utils\\imageFile.ts": {"path":"D:\\components\\class-components\\src\\utils\\imageFile.ts","statementMap":{"0":{"start":{"line":1,"column":26},"end":{"line":1,"column":62}},"1":{"start":{"line":2,"column":31},"end":{"line":2,"column":null}},"2":{"start":{"line":3,"column":21},"end":{"line":3,"column":null}},"3":{"start":{"line":6,"column":29},"end":{"line":6,"column":51}},"4":{"start":{"line":8,"column":2},"end":{"line":10,"column":null}},"5":{"start":{"line":9,"column":4},"end":{"line":9,"column":42}},"6":{"start":{"line":14,"column":2},"end":{"line":18,"column":null}},"7":{"start":{"line":18,"column":4},"end":{"line":18,"column":null}},"8":{"start":{"line":21,"column":2},"end":{"line":22,"column":null}},"9":{"start":{"line":22,"column":4},"end":{"line":22,"column":null}},"10":{"start":{"line":25,"column":2},"end":{"line":35,"column":null}},"11":{"start":{"line":26,"column":19},"end":{"line":26,"column":35}},"12":{"start":{"line":28,"column":4},"end":{"line":30,"column":null}},"13":{"start":{"line":29,"column":6},"end":{"line":29,"column":null}},"14":{"start":{"line":31,"column":4},"end":{"line":33,"column":null}},"15":{"start":{"line":32,"column":6},"end":{"line":32,"column":null}},"16":{"start":{"line":34,"column":4},"end":{"line":34,"column":null}}},"fnMap":{"0":{"name":"hasAllowedImageExtension","decl":{"start":{"line":5,"column":9},"end":{"line":5,"column":34}},"loc":{"start":{"line":5,"column":61},"end":{"line":10,"column":null}},"line":5},"1":{"name":"(anonymous_1)","decl":{"start":{"line":8,"column":32},"end":{"line":8,"column":38}},"loc":{"start":{"line":9,"column":4},"end":{"line":9,"column":42}},"line":9},"2":{"name":"imageFileToBase64","decl":{"start":{"line":13,"column":22},"end":{"line":13,"column":40}},"loc":{"start":{"line":13,"column":69},"end":{"line":35,"column":null}},"line":13},"3":{"name":"(anonymous_3)","decl":{"start":{"line":25,"column":13},"end":{"line":25,"column":22}},"loc":{"start":{"line":25,"column":42},"end":{"line":35,"column":null}},"line":25},"4":{"name":"(anonymous_4)","decl":{"start":{"line":28,"column":28},"end":{"line":28,"column":42}},"loc":{"start":{"line":28,"column":42},"end":{"line":30,"column":null}},"line":28},"5":{"name":"(anonymous_5)","decl":{"start":{"line":31,"column":28},"end":{"line":31,"column":43}},"loc":{"start":{"line":31,"column":43},"end":{"line":33,"column":null}},"line":31}},"branchMap":{"0":{"loc":{"start":{"line":14,"column":2},"end":{"line":18,"column":null}},"type":"if","locations":[{"start":{"line":14,"column":2},"end":{"line":18,"column":null}},{"start":{},"end":{}}],"line":14},"1":{"loc":{"start":{"line":15,"column":4},"end":{"line":16,"column":40}},"type":"binary-expr","locations":[{"start":{"line":15,"column":4},"end":{"line":15,"column":37}},{"start":{"line":16,"column":4},"end":{"line":16,"column":40}}],"line":15},"2":{"loc":{"start":{"line":21,"column":2},"end":{"line":22,"column":null}},"type":"if","locations":[{"start":{"line":21,"column":2},"end":{"line":22,"column":null}},{"start":{},"end":{}}],"line":21},"3":{"loc":{"start":{"line":29,"column":14},"end":{"line":29,"column":69}},"type":"cond-expr","locations":[{"start":{"line":29,"column":50},"end":{"line":29,"column":66}},{"start":{"line":29,"column":66},"end":{"line":29,"column":69}}],"line":29}},"s":{"0":2,"1":2,"2":2,"3":5,"4":5,"5":5,"6":7,"7":2,"8":5,"9":2,"10":3,"11":3,"12":3,"13":3,"14":3,"15":0,"16":3},"f":{"0":5,"1":5,"2":7,"3":3,"4":3,"5":0},"b":{"0":[2,5],"1":[7,5],"2":[2,3],"3":[3,0]},"meta":{"lastBranch":4,"lastFunction":6,"lastStatement":17,"seen":{"s:1:26:1:62":0,"s:2:31:2:Infinity":1,"s:3:21:3:Infinity":2,"f:5:9:5:34":0,"s:6:29:6:51":3,"s:8:2:10:Infinity":4,"f:8:32:8:38":1,"s:9:4:9:42":5,"f:13:22:13:40":2,"b:14:2:18:Infinity:undefined:undefined:undefined:undefined":0,"s:14:2:18:Infinity":6,"b:15:4:15:37:16:4:16:40":1,"s:18:4:18:Infinity":7,"b:21:2:22:Infinity:undefined:undefined:undefined:undefined":2,"s:21:2:22:Infinity":8,"s:22:4:22:Infinity":9,"s:25:2:35:Infinity":10,"f:25:13:25:22":3,"s:26:19:26:35":11,"s:28:4:30:Infinity":12,"f:28:28:28:42":4,"s:29:6:29:Infinity":13,"b:29:50:29:66:29:66:29:69":3,"s:31:4:33:Infinity":14,"f:31:28:31:43":5,"s:32:6:32:Infinity":15,"s:34:4:34:Infinity":16}}}
,"D:\\components\\class-components\\src\\utils\\passwordStrength.ts": {"path":"D:\\components\\class-components\\src\\utils\\passwordStrength.ts","statementMap":{"0":{"start":{"line":6,"column":23},"end":{"line":23,"column":null}},"1":{"start":{"line":9,"column":41},"end":{"line":9,"column":null}},"2":{"start":{"line":13,"column":41},"end":{"line":13,"column":null}},"3":{"start":{"line":17,"column":41},"end":{"line":17,"column":null}},"4":{"start":{"line":21,"column":41},"end":{"line":21,"column":null}},"5":{"start":{"line":28,"column":2},"end":{"line":31,"column":null}},"6":{"start":{"line":28,"column":40},"end":{"line":31,"column":5}}},"fnMap":{"0":{"name":"(anonymous_0)","decl":{"start":{"line":9,"column":4},"end":{"line":9,"column":11}},"loc":{"start":{"line":9,"column":41},"end":{"line":9,"column":null}},"line":9},"1":{"name":"(anonymous_1)","decl":{"start":{"line":13,"column":4},"end":{"line":13,"column":11}},"loc":{"start":{"line":13,"column":41},"end":{"line":13,"column":null}},"line":13},"2":{"name":"(anonymous_2)","decl":{"start":{"line":17,"column":4},"end":{"line":17,"column":11}},"loc":{"start":{"line":17,"column":41},"end":{"line":17,"column":null}},"line":17},"3":{"name":"(anonymous_3)","decl":{"start":{"line":21,"column":4},"end":{"line":21,"column":11}},"loc":{"start":{"line":21,"column":41},"end":{"line":21,"column":null}},"line":21},"4":{"name":"getPasswordStrengthChecks","decl":{"start":{"line":25,"column":16},"end":{"line":25,"column":null}},"loc":{"start":{"line":27,"column":27},"end":{"line":31,"column":null}},"line":27},"5":{"name":"(anonymous_5)","decl":{"start":{"line":28,"column":24},"end":{"line":28,"column":29}},"loc":{"start":{"line":28,"column":40},"end":{"line":31,"column":5}},"line":28}},"branchMap":{},"s":{"0":2,"1":57,"2":57,"3":57,"4":57,"5":57,"6":228},"f":{"0":57,"1":57,"2":57,"3":57,"4":57,"5":228},"b":{},"meta":{"lastBranch":0,"lastFunction":6,"lastStatement":7,"seen":{"s:6:23:23:Infinity":0,"f:9:4:9:11":0,"s:9:41:9:Infinity":1,"f:13:4:13:11":1,"s:13:41:13:Infinity":2,"f:17:4:17:11":2,"s:17:41:17:Infinity":3,"f:21:4:21:11":3,"s:21:41:21:Infinity":4,"f:25:16:25:Infinity":4,"s:28:2:31:Infinity":5,"f:28:24:28:29":5,"s:28:40:31:5":6}}}
,"D:\\components\\class-components\\src\\validation\\formSchema.ts": {"path":"D:\\components\\class-components\\src\\validation\\formSchema.ts","statementMap":{"0":{"start":{"line":17,"column":18},"end":{"line":24,"column":null}},"1":{"start":{"line":21,"column":16},"end":{"line":21,"column":29}},"2":{"start":{"line":23,"column":4},"end":{"line":23,"column":null}},"3":{"start":{"line":25,"column":23},"end":{"line":25,"column":68}},"4":{"start":{"line":28,"column":2},"end":{"line":29,"column":null}},"5":{"start":{"line":29,"column":4},"end":{"line":29,"column":null}},"6":{"start":{"line":32,"column":16},"end":{"line":32,"column":32}},"7":{"start":{"line":33,"column":20},"end":{"line":33,"column":null}},"8":{"start":{"line":34,"column":17},"end":{"line":34,"column":null}},"9":{"start":{"line":36,"column":2},"end":{"line":42,"column":null}},"10":{"start":{"line":47,"column":2},"end":{"line":61,"column":null}},"11":{"start":{"line":55,"column":8},"end":{"line":56,"column":null}},"12":{"start":{"line":56,"column":10},"end":{"line":56,"column":null}},"13":{"start":{"line":59,"column":8},"end":{"line":59,"column":null}},"14":{"start":{"line":65,"column":2},"end":{"line":65,"column":null}},"15":{"start":{"line":69,"column":30},"end":{"line":70,"column":null}},"16":{"start":{"line":70,"column":31},"end":{"line":70,"column":56}},"17":{"start":{"line":73,"column":2},"end":{"line":79,"column":null}},"18":{"start":{"line":78,"column":6},"end":{"line":78,"column":72}},"19":{"start":{"line":85,"column":2},"end":{"line":104,"column":null}}},"fnMap":{"0":{"name":"(anonymous_0)","decl":{"start":{"line":20,"column":21},"end":{"line":20,"column":59}},"loc":{"start":{"line":20,"column":69},"end":{"line":24,"column":null}},"line":20},"1":{"name":"isValidEmail","decl":{"start":{"line":27,"column":9},"end":{"line":27,"column":22}},"loc":{"start":{"line":27,"column":58},"end":{"line":42,"column":null}},"line":27},"2":{"name":"createNameSchema","decl":{"start":{"line":46,"column":9},"end":{"line":46,"column":54}},"loc":{"start":{"line":46,"column":54},"end":{"line":61,"column":null}},"line":46},"3":{"name":"(anonymous_3)","decl":{"start":{"line":53,"column":6},"end":{"line":53,"column":null}},"loc":{"start":{"line":54,"column":17},"end":{"line":61,"column":null}},"line":54},"4":{"name":"normalizeCountry","decl":{"start":{"line":64,"column":9},"end":{"line":64,"column":26}},"loc":{"start":{"line":64,"column":51},"end":{"line":65,"column":null}},"line":64},"5":{"name":"createCountrySchema","decl":{"start":{"line":68,"column":9},"end":{"line":68,"column":29}},"loc":{"start":{"line":68,"column":76},"end":{"line":79,"column":null}},"line":68},"6":{"name":"(anonymous_6)","decl":{"start":{"line":70,"column":14},"end":{"line":70,"column":19}},"loc":{"start":{"line":70,"column":31},"end":{"line":70,"column":56}},"line":70},"7":{"name":"(anonymous_7)","decl":{"start":{"line":77,"column":28},"end":{"line":77,"column":71}},"loc":{"start":{"line":78,"column":6},"end":{"line":78,"column":72}},"line":78},"8":{"name":"createFormSchema","decl":{"start":{"line":82,"column":16},"end":{"line":82,"column":null}},"loc":{"start":{"line":84,"column":32},"end":{"line":104,"column":null}},"line":84}},"branchMap":{"0":{"loc":{"start":{"line":23,"column":11},"end":{"line":23,"column":null}},"type":"binary-expr","locations":[{"start":{"line":23,"column":11},"end":{"line":23,"column":31}},{"start":{"line":23,"column":35},"end":{"line":23,"column":null}}],"line":23},"1":{"loc":{"start":{"line":28,"column":2},"end":{"line":29,"column":null}},"type":"if","locations":[{"start":{"line":28,"column":2},"end":{"line":29,"column":null}},{"start":{},"end":{}}],"line":28},"2":{"loc":{"start":{"line":37,"column":4},"end":{"line":42,"column":25}},"type":"binary-expr","locations":[{"start":{"line":37,"column":4},"end":{"line":37,"column":null}},{"start":{"line":38,"column":4},"end":{"line":38,"column":22}},{"start":{"line":39,"column":4},"end":{"line":39,"column":19}},{"start":{"line":40,"column":4},"end":{"line":40,"column":24}},{"start":{"line":41,"column":4},"end":{"line":41,"column":27}},{"start":{"line":42,"column":4},"end":{"line":42,"column":25}}],"line":37},"3":{"loc":{"start":{"line":55,"column":8},"end":{"line":56,"column":null}},"type":"if","locations":[{"start":{"line":55,"column":8},"end":{"line":56,"column":null}},{"start":{},"end":{}}],"line":55},"4":{"loc":{"start":{"line":55,"column":12},"end":{"line":55,"column":61}},"type":"binary-expr","locations":[{"start":{"line":55,"column":12},"end":{"line":55,"column":41}},{"start":{"line":55,"column":41},"end":{"line":55,"column":61}}],"line":55},"5":{"loc":{"start":{"line":78,"column":14},"end":{"line":78,"column":71}},"type":"binary-expr","locations":[{"start":{"line":78,"column":14},"end":{"line":78,"column":23}},{"start":{"line":78,"column":23},"end":{"line":78,"column":71}}],"line":78}},"s":{"0":3,"1":84,"2":84,"3":3,"4":84,"5":31,"6":53,"7":53,"8":53,"9":53,"10":84,"11":84,"12":4,"13":80,"14":420,"15":84,"16":406,"17":84,"18":84,"19":84},"f":{"0":84,"1":84,"2":84,"3":84,"4":420,"5":84,"6":406,"7":84,"8":84},"b":{"0":[84,84],"1":[31,53],"2":[53,47,47,46,39,39],"3":[4,80],"4":[84,84],"5":[84,14]},"meta":{"lastBranch":6,"lastFunction":9,"lastStatement":20,"seen":{"s:17:18:24:Infinity":0,"f:20:21:20:59":0,"s:21:16:21:29":1,"s:23:4:23:Infinity":2,"b:23:11:23:31:23:35:23:Infinity":0,"s:25:23:25:68":3,"f:27:9:27:22":1,"b:28:2:29:Infinity:undefined:undefined:undefined:undefined":1,"s:28:2:29:Infinity":4,"s:29:4:29:Infinity":5,"s:32:16:32:32":6,"s:33:20:33:Infinity":7,"s:34:17:34:Infinity":8,"s:36:2:42:Infinity":9,"b:37:4:37:Infinity:38:4:38:22:39:4:39:19:40:4:40:24:41:4:41:27:42:4:42:25":2,"f:46:9:46:54":2,"s:47:2:61:Infinity":10,"f:53:6:53:Infinity":3,"b:55:8:56:Infinity:undefined:undefined:undefined:undefined":3,"s:55:8:56:Infinity":11,"b:55:12:55:41:55:41:55:61":4,"s:56:10:56:Infinity":12,"s:59:8:59:Infinity":13,"f:64:9:64:26":4,"s:65:2:65:Infinity":14,"f:68:9:68:29":5,"s:69:30:70:Infinity":15,"f:70:14:70:19":6,"s:70:31:70:56":16,"s:73:2:79:Infinity":17,"f:77:28:77:71":7,"s:78:6:78:72":18,"b:78:14:78:23:78:23:78:71":5,"f:82:16:82:Infinity":8,"s:85:2:104:Infinity":19}}}
,"D:\\components\\class-components\\src\\validation\\yupResolver.ts": {"path":"D:\\components\\class-components\\src\\validation\\yupResolver.ts","statementMap":{"0":{"start":{"line":6,"column":2},"end":{"line":6,"column":null}},"1":{"start":{"line":10,"column":2},"end":{"line":39,"column":null}},"2":{"start":{"line":11,"column":4},"end":{"line":39,"column":null}},"3":{"start":{"line":12,"column":30},"end":{"line":16,"column":null}},"4":{"start":{"line":19,"column":6},"end":{"line":22,"column":null}},"5":{"start":{"line":24,"column":6},"end":{"line":25,"column":null}},"6":{"start":{"line":25,"column":8},"end":{"line":25,"column":null}},"7":{"start":{"line":28,"column":6},"end":{"line":39,"column":null}},"8":{"start":{"line":30,"column":47},"end":{"line":35,"column":null}},"9":{"start":{"line":45,"column":2},"end":{"line":45,"column":null}}},"fnMap":{"0":{"name":"getErrorMessage","decl":{"start":{"line":5,"column":9},"end":{"line":5,"column":25}},"loc":{"start":{"line":5,"column":57},"end":{"line":6,"column":null}},"line":5},"1":{"name":"createResolveFormValues","decl":{"start":{"line":9,"column":9},"end":{"line":9,"column":33}},"loc":{"start":{"line":9,"column":76},"end":{"line":39,"column":null}},"line":9},"2":{"name":"(anonymous_2)","decl":{"start":{"line":10,"column":9},"end":{"line":10,"column":16}},"loc":{"start":{"line":10,"column":27},"end":{"line":39,"column":null}},"line":10},"3":{"name":"(anonymous_3)","decl":{"start":{"line":30,"column":22},"end":{"line":30,"column":27}},"loc":{"start":{"line":30,"column":47},"end":{"line":35,"column":null}},"line":30},"4":{"name":"yupResolver","decl":{"start":{"line":44,"column":16},"end":{"line":44,"column":28}},"loc":{"start":{"line":44,"column":71},"end":{"line":45,"column":null}},"line":44}},"branchMap":{"0":{"loc":{"start":{"line":6,"column":9},"end":{"line":6,"column":null}},"type":"binary-expr","locations":[{"start":{"line":6,"column":9},"end":{"line":6,"column":26}},{"start":{"line":6,"column":26},"end":{"line":6,"column":null}}],"line":6},"1":{"loc":{"start":{"line":24,"column":6},"end":{"line":25,"column":null}},"type":"if","locations":[{"start":{"line":24,"column":6},"end":{"line":25,"column":null}},{"start":{},"end":{}}],"line":24},"2":{"loc":{"start":{"line":31,"column":12},"end":{"line":31,"column":null}},"type":"binary-expr","locations":[{"start":{"line":31,"column":12},"end":{"line":31,"column":36}},{"start":{"line":31,"column":36},"end":{"line":31,"column":null}}],"line":31},"3":{"loc":{"start":{"line":34,"column":20},"end":{"line":34,"column":null}},"type":"binary-expr","locations":[{"start":{"line":34,"column":20},"end":{"line":34,"column":44}},{"start":{"line":34,"column":44},"end":{"line":34,"column":null}}],"line":34}},"s":{"0":544,"1":27,"2":79,"3":79,"4":3,"5":76,"6":0,"7":76,"8":544,"9":27},"f":{"0":544,"1":27,"2":79,"3":544,"4":27},"b":{"0":[544,0],"1":[0,76],"2":[544,0],"3":[544,0]},"meta":{"lastBranch":4,"lastFunction":5,"lastStatement":10,"seen":{"f:5:9:5:25":0,"s:6:2:6:Infinity":0,"b:6:9:6:26:6:26:6:Infinity":0,"f:9:9:9:33":1,"s:10:2:39:Infinity":1,"f:10:9:10:16":2,"s:11:4:39:Infinity":2,"s:12:30:16:Infinity":3,"s:19:6:22:Infinity":4,"b:24:6:25:Infinity:undefined:undefined:undefined:undefined":1,"s:24:6:25:Infinity":5,"s:25:8:25:Infinity":6,"s:28:6:39:Infinity":7,"f:30:22:30:27":3,"s:30:47:35:Infinity":8,"b:31:12:31:36:31:36:31:Infinity":2,"b:34:20:34:44:34:44:34:Infinity":3,"f:44:16:44:28":4,"s:45:2:45:Infinity":9}}}
}
